  MyForm.cpp
C:\Users\acer\source\repos\Yasmin-tomacodigo-master\VideoGame\VideoGame\Escenario.h(26,1): warning C4353: se ha utilizado una extensión no estándar: constante 0 como expresión de función. Utilice en su lugar la función intrínseca '__noop'
C:\Users\acer\source\repos\Yasmin-tomacodigo-master\VideoGame\VideoGame\Escenario.h(26,13): warning C4244: 'argumento': conversión de 'time_t' a 'unsigned int'; posible pérdida de datos
C:\Users\acer\source\repos\Yasmin-tomacodigo-master\VideoGame\VideoGame\ACajas.h(14,28): warning C4018: '<': no coinciden signed/unsigned
C:\Users\acer\source\repos\Yasmin-tomacodigo-master\VideoGame\VideoGame\ACajas.h(20,20): warning C4018: '<': no coinciden signed/unsigned
C:\Users\acer\source\repos\Yasmin-tomacodigo-master\VideoGame\VideoGame\Enemigo.h(13,13): warning C4244: 'argumento': conversión de 'time_t' a 'unsigned int'; posible pérdida de datos
C:\Users\acer\source\repos\Yasmin-tomacodigo-master\VideoGame\VideoGame\ArrEnemigos.h(28,21): warning C4018: '<': no coinciden signed/unsigned
C:\Users\acer\source\repos\Yasmin-tomacodigo-master\VideoGame\VideoGame\Calavera.h(3,10): warning C4067: símbolos (token) inesperados después de la directiva del preprocesador; se esperaba una nueva línea
C:\Users\acer\source\repos\Yasmin-tomacodigo-master\VideoGame\VideoGame\Control.h(24,39): warning C4244: 'argumento': conversión de 'double' a 'int'; posible pérdida de datos
C:\Users\acer\source\repos\Yasmin-tomacodigo-master\VideoGame\VideoGame\Control.h(24,31): warning C4244: 'argumento': conversión de 'double' a 'int'; posible pérdida de datos
C:\Users\acer\source\repos\Yasmin-tomacodigo-master\VideoGame\VideoGame\Control.h(69,20): warning C4018: '<': no coinciden signed/unsigned
C:\Users\acer\source\repos\Yasmin-tomacodigo-master\VideoGame\VideoGame\Control.h(100,22): warning C4018: '<': no coinciden signed/unsigned
  MyForm1.cpp
C:\Users\acer\source\repos\Yasmin-tomacodigo-master\VideoGame\VideoGame\Escenario.h(26,1): warning C4353: se ha utilizado una extensión no estándar: constante 0 como expresión de función. Utilice en su lugar la función intrínseca '__noop'
C:\Users\acer\source\repos\Yasmin-tomacodigo-master\VideoGame\VideoGame\Escenario.h(26,13): warning C4244: 'argumento': conversión de 'time_t' a 'unsigned int'; posible pérdida de datos
C:\Users\acer\source\repos\Yasmin-tomacodigo-master\VideoGame\VideoGame\ACajas.h(14,28): warning C4018: '<': no coinciden signed/unsigned
C:\Users\acer\source\repos\Yasmin-tomacodigo-master\VideoGame\VideoGame\ACajas.h(20,20): warning C4018: '<': no coinciden signed/unsigned
C:\Users\acer\source\repos\Yasmin-tomacodigo-master\VideoGame\VideoGame\Enemigo.h(13,13): warning C4244: 'argumento': conversión de 'time_t' a 'unsigned int'; posible pérdida de datos
C:\Users\acer\source\repos\Yasmin-tomacodigo-master\VideoGame\VideoGame\ArrEnemigos.h(28,21): warning C4018: '<': no coinciden signed/unsigned
C:\Users\acer\source\repos\Yasmin-tomacodigo-master\VideoGame\VideoGame\Calavera.h(3,10): warning C4067: símbolos (token) inesperados después de la directiva del preprocesador; se esperaba una nueva línea
C:\Users\acer\source\repos\Yasmin-tomacodigo-master\VideoGame\VideoGame\Control.h(24,39): warning C4244: 'argumento': conversión de 'double' a 'int'; posible pérdida de datos
C:\Users\acer\source\repos\Yasmin-tomacodigo-master\VideoGame\VideoGame\Control.h(24,31): warning C4244: 'argumento': conversión de 'double' a 'int'; posible pérdida de datos
C:\Users\acer\source\repos\Yasmin-tomacodigo-master\VideoGame\VideoGame\Control.h(69,20): warning C4018: '<': no coinciden signed/unsigned
C:\Users\acer\source\repos\Yasmin-tomacodigo-master\VideoGame\VideoGame\Control.h(100,22): warning C4018: '<': no coinciden signed/unsigned
  Generando código...
C:\Users\acer\source\repos\Yasmin-tomacodigo-master\VideoGame\VideoGame\Control.h(113): warning C4715: 'Controladora::Pruebaa': no todas las rutas de acceso de control devuelven un valor
C:\Users\acer\source\repos\Yasmin-tomacodigo-master\VideoGame\VideoGame\Control.h(113): warning C4715: 'Controladora::Pruebaa': no todas las rutas de acceso de control devuelven un valor
  MyForm.obj : se encontró un módulo MSIL; vinculación incremental deshabilitada para MSIL; ejecutando vínculo completo
  VideoGame.vcxproj -> C:\Users\acer\source\repos\Yasmin-tomacodigo-master\VideoGame\Debug\VideoGame.exe
